c:\huyle\projects\zoom-sdk-windows-5.12.8.10282\x64\demo\sdk_demo_v2\release\sdk_demo_v2.pch
c:\huyle\projects\zoom-sdk-windows-5.12.8.10282\x64\demo\sdk_demo_v2\release\vc142.pdb
c:\huyle\projects\zoom-sdk-windows-5.12.8.10282\x64\demo\sdk_demo_v2\release\stdafx.obj
c:\huyle\projects\zoom-sdk-windows-5.12.8.10282\x64\demo\sdk_demo_v2\release\display_cc_ui.obj
c:\huyle\projects\zoom-sdk-windows-5.12.8.10282\x64\demo\sdk_demo_v2\release\custom_ui_video_mgr.obj
c:\huyle\projects\zoom-sdk-windows-5.12.8.10282\x64\demo\sdk_demo_v2\release\custom_ui_video_flow.obj
c:\huyle\projects\zoom-sdk-windows-5.12.8.10282\x64\demo\sdk_demo_v2\release\custom_ui_share_mgr.obj
c:\huyle\projects\zoom-sdk-windows-5.12.8.10282\x64\demo\sdk_demo_v2\release\custom_ui_share_flow.obj
c:\huyle\projects\zoom-sdk-windows-5.12.8.10282\x64\demo\sdk_demo_v2\release\custom_ui_mgr_flow.obj
c:\huyle\projects\zoom-sdk-windows-5.12.8.10282\x64\demo\sdk_demo_v2\release\custom_ui_mgr.obj
c:\huyle\projects\zoom-sdk-windows-5.12.8.10282\x64\demo\sdk_demo_v2\release\customizeduirecordmgr.obj
c:\huyle\projects\zoom-sdk-windows-5.12.8.10282\x64\demo\sdk_demo_v2\release\close_caption_workflow.obj
c:\huyle\projects\zoom-sdk-windows-5.12.8.10282\x64\demo\sdk_demo_v2\release\close_caption_ui.obj
c:\huyle\projects\zoom-sdk-windows-5.12.8.10282\x64\demo\sdk_demo_v2\release\chat_controller_workflow.obj
c:\huyle\projects\zoom-sdk-windows-5.12.8.10282\x64\demo\sdk_demo_v2\release\chat_controller_ui.obj
c:\huyle\projects\zoom-sdk-windows-5.12.8.10282\x64\demo\sdk_demo_v2\release\cameracontrolwindow.obj
c:\huyle\projects\zoom-sdk-windows-5.12.8.10282\x64\demo\sdk_demo_v2\release\arrow_window.obj
c:\huyle\projects\zoom-sdk-windows-5.12.8.10282\x64\demo\sdk_demo_v2\release\annotatestampwindow.obj
c:\huyle\projects\zoom-sdk-windows-5.12.8.10282\x64\demo\sdk_demo_v2\release\annotatespolightwindow.obj
c:\huyle\projects\zoom-sdk-windows-5.12.8.10282\x64\demo\sdk_demo_v2\release\annotateformatwindow.obj
c:\huyle\projects\zoom-sdk-windows-5.12.8.10282\x64\demo\sdk_demo_v2\release\annotatedrawwindow.obj
c:\huyle\projects\zoom-sdk-windows-5.12.8.10282\x64\demo\sdk_demo_v2\release\annotateclearwindow.obj
c:\huyle\projects\zoom-sdk-windows-5.12.8.10282\x64\demo\sdk_demo_v2\release\annotatebarwindow.obj
c:\huyle\projects\zoom-sdk-windows-5.12.8.10282\x64\demo\sdk_demo_v2\release\sdk_demo_v2.obj
c:\huyle\projects\zoom-sdk-windows-5.12.8.10282\x64\demo\sdk_demo_v2\release\sdk_demo_app.obj
c:\huyle\projects\zoom-sdk-windows-5.12.8.10282\x64\demo\sdk_demo_v2\release\participant_ui.obj
c:\huyle\projects\zoom-sdk-windows-5.12.8.10282\x64\demo\sdk_demo_v2\release\participantpopmenu.obj
c:\huyle\projects\zoom-sdk-windows-5.12.8.10282\x64\demo\sdk_demo_v2\release\more_menu_ui.obj
c:\huyle\projects\zoom-sdk-windows-5.12.8.10282\x64\demo\sdk_demo_v2\release\more_features_workflow.obj
c:\huyle\projects\zoom-sdk-windows-5.12.8.10282\x64\demo\sdk_demo_v2\release\more_features_ui.obj
c:\huyle\projects\zoom-sdk-windows-5.12.8.10282\x64\demo\sdk_demo_v2\release\mess_info.obj
c:\huyle\projects\zoom-sdk-windows-5.12.8.10282\x64\demo\sdk_demo_v2\release\login_sdk_login_ui.obj
c:\huyle\projects\zoom-sdk-windows-5.12.8.10282\x64\demo\sdk_demo_v2\release\login_restapi_without_login_workflow.obj
c:\huyle\projects\zoom-sdk-windows-5.12.8.10282\x64\demo\sdk_demo_v2\release\login_login_with_sso_workflow.obj
c:\huyle\projects\zoom-sdk-windows-5.12.8.10282\x64\demo\sdk_demo_v2\release\login_join_meeting_only_workflow.obj
c:\huyle\projects\zoom-sdk-windows-5.12.8.10282\x64\demo\sdk_demo_v2\release\loggedin_sdk_controller_workflow.obj
c:\huyle\projects\zoom-sdk-windows-5.12.8.10282\x64\demo\sdk_demo_v2\release\loggedin_sdk_controller_ui.obj
c:\huyle\projects\zoom-sdk-windows-5.12.8.10282\x64\demo\sdk_demo_v2\release\join_webinar_wnd_ui.obj
c:\huyle\projects\zoom-sdk-windows-5.12.8.10282\x64\demo\sdk_demo_v2\release\join_meeting_for_login_user_workflow.obj
c:\huyle\projects\zoom-sdk-windows-5.12.8.10282\x64\demo\sdk_demo_v2\release\join_meeting_for_login_user_ui.obj
c:\huyle\projects\zoom-sdk-windows-5.12.8.10282\x64\demo\sdk_demo_v2\release\invitation_workflow.obj
c:\huyle\projects\zoom-sdk-windows-5.12.8.10282\x64\demo\sdk_demo_v2\release\invitation_ui.obj
c:\huyle\projects\zoom-sdk-windows-5.12.8.10282\x64\demo\sdk_demo_v2\release\init_auth_sdk_workflow.obj
c:\huyle\projects\zoom-sdk-windows-5.12.8.10282\x64\demo\sdk_demo_v2\release\viewoptionswindow.obj
c:\huyle\projects\zoom-sdk-windows-5.12.8.10282\x64\demo\sdk_demo_v2\release\util_window.obj
c:\huyle\projects\zoom-sdk-windows-5.12.8.10282\x64\demo\sdk_demo_v2\release\user_manager.obj
c:\huyle\projects\zoom-sdk-windows-5.12.8.10282\x64\demo\sdk_demo_v2\release\toolbar_manager.obj
c:\huyle\projects\zoom-sdk-windows-5.12.8.10282\x64\demo\sdk_demo_v2\release\toolbar_bottom_workflow.obj
c:\huyle\projects\zoom-sdk-windows-5.12.8.10282\x64\demo\sdk_demo_v2\release\toolbar_bottom_ui.obj
c:\huyle\projects\zoom-sdk-windows-5.12.8.10282\x64\demo\sdk_demo_v2\release\sharetoolbarwindow.obj
c:\huyle\projects\zoom-sdk-windows-5.12.8.10282\x64\demo\sdk_demo_v2\release\settings_virtualbg_workflow.obj
c:\huyle\projects\zoom-sdk-windows-5.12.8.10282\x64\demo\sdk_demo_v2\release\settings_video_workflow.obj
c:\huyle\projects\zoom-sdk-windows-5.12.8.10282\x64\demo\sdk_demo_v2\release\settings_ui_custom_workflow.obj
c:\huyle\projects\zoom-sdk-windows-5.12.8.10282\x64\demo\sdk_demo_v2\release\settings_ui.obj
c:\huyle\projects\zoom-sdk-windows-5.12.8.10282\x64\demo\sdk_demo_v2\release\settings_share_workflow.obj
c:\huyle\projects\zoom-sdk-windows-5.12.8.10282\x64\demo\sdk_demo_v2\release\settings_recording_workflow.obj
c:\huyle\projects\zoom-sdk-windows-5.12.8.10282\x64\demo\sdk_demo_v2\release\settings_general_workflow.obj
c:\huyle\projects\zoom-sdk-windows-5.12.8.10282\x64\demo\sdk_demo_v2\release\settings_feature_custom_workflow.obj
c:\huyle\projects\zoom-sdk-windows-5.12.8.10282\x64\demo\sdk_demo_v2\release\settings_audio_workflow.obj
c:\huyle\projects\zoom-sdk-windows-5.12.8.10282\x64\demo\sdk_demo_v2\release\sdk_util.obj
c:\huyle\projects\zoom-sdk-windows-5.12.8.10282\x64\demo\sdk_demo_v2\release\sdk_init_auth_ui.obj
c:\huyle\projects\zoom-sdk-windows-5.12.8.10282\x64\bin\sdk_demo_v2.exe
c:\huyle\projects\zoom-sdk-windows-5.12.8.10282\x64\bin\sdk_demo_v2.map
c:\huyle\projects\zoom-sdk-windows-5.12.8.10282\x64\bin\sdk_demo_v2.pdb
c:\huyle\projects\zoom-sdk-windows-5.12.8.10282\x64\demo\sdk_demo_v2\release\sdk_demo_v2.res
c:\huyle\projects\zoom-sdk-windows-5.12.8.10282\x64\demo\sdk_demo_v2\release\sdk_demo_v2.tlog\cl.command.1.tlog
c:\huyle\projects\zoom-sdk-windows-5.12.8.10282\x64\demo\sdk_demo_v2\release\sdk_demo_v2.tlog\cl.read.1.tlog
c:\huyle\projects\zoom-sdk-windows-5.12.8.10282\x64\demo\sdk_demo_v2\release\sdk_demo_v2.tlog\cl.write.1.tlog
c:\huyle\projects\zoom-sdk-windows-5.12.8.10282\x64\demo\sdk_demo_v2\release\sdk_demo_v2.tlog\link.command.1.tlog
c:\huyle\projects\zoom-sdk-windows-5.12.8.10282\x64\demo\sdk_demo_v2\release\sdk_demo_v2.tlog\link.read.1.tlog
c:\huyle\projects\zoom-sdk-windows-5.12.8.10282\x64\demo\sdk_demo_v2\release\sdk_demo_v2.tlog\link.write.1.tlog
c:\huyle\projects\zoom-sdk-windows-5.12.8.10282\x64\demo\sdk_demo_v2\release\sdk_demo_v2.tlog\rc.command.1.tlog
c:\huyle\projects\zoom-sdk-windows-5.12.8.10282\x64\demo\sdk_demo_v2\release\sdk_demo_v2.tlog\rc.read.1.tlog
c:\huyle\projects\zoom-sdk-windows-5.12.8.10282\x64\demo\sdk_demo_v2\release\sdk_demo_v2.tlog\rc.write.1.tlog
