  LOGIN_sdk_login_UI.cpp
  LINK : /LTCG specified but no code generation required; remove /LTCG from the link command line to improve linker performance
DuiLib64.lib(StdAfx.obj) : warning LNK4099: PDB 'DuiLib_Static.pdb' was not found with 'DuiLib64.lib(StdAfx.obj)' or at 'C:\huyle\projects\zoom-sdk-windows-5.12.8.10282\x64\bin\DuiLib_Static.pdb'; linking object as if no debug info
DuiLib64.lib(stb_image.obj) : warning LNK4099: PDB 'DuiLib_Static.pdb' was not found with 'DuiLib64.lib(stb_image.obj)' or at 'C:\huyle\projects\zoom-sdk-windows-5.12.8.10282\x64\bin\DuiLib_Static.pdb'; linking object as if no debug info
DuiLib64.lib(UIDelegate.obj) : warning LNK4099: PDB 'DuiLib_Static.pdb' was not found with 'DuiLib64.lib(UIDelegate.obj)' or at 'C:\huyle\projects\zoom-sdk-windows-5.12.8.10282\x64\bin\DuiLib_Static.pdb'; linking object as if no debug info
DuiLib64.lib(Utils.obj) : warning LNK4099: PDB 'DuiLib_Static.pdb' was not found with 'DuiLib64.lib(Utils.obj)' or at 'C:\huyle\projects\zoom-sdk-windows-5.12.8.10282\x64\bin\DuiLib_Static.pdb'; linking object as if no debug info
DuiLib64.lib(XUnzip.obj) : warning LNK4099: PDB 'DuiLib_Static.pdb' was not found with 'DuiLib64.lib(XUnzip.obj)' or at 'C:\huyle\projects\zoom-sdk-windows-5.12.8.10282\x64\bin\DuiLib_Static.pdb'; linking object as if no debug info
DuiLib64.lib(UIBase.obj) : warning LNK4099: PDB 'DuiLib_Static.pdb' was not found with 'DuiLib64.lib(UIBase.obj)' or at 'C:\huyle\projects\zoom-sdk-windows-5.12.8.10282\x64\bin\DuiLib_Static.pdb'; linking object as if no debug info
DuiLib64.lib(UIContainer.obj) : warning LNK4099: PDB 'DuiLib_Static.pdb' was not found with 'DuiLib64.lib(UIContainer.obj)' or at 'C:\huyle\projects\zoom-sdk-windows-5.12.8.10282\x64\bin\DuiLib_Static.pdb'; linking object as if no debug info
DuiLib64.lib(UIControl.obj) : warning LNK4099: PDB 'DuiLib_Static.pdb' was not found with 'DuiLib64.lib(UIControl.obj)' or at 'C:\huyle\projects\zoom-sdk-windows-5.12.8.10282\x64\bin\DuiLib_Static.pdb'; linking object as if no debug info
DuiLib64.lib(UIDlgBuilder.obj) : warning LNK4099: PDB 'DuiLib_Static.pdb' was not found with 'DuiLib64.lib(UIDlgBuilder.obj)' or at 'C:\huyle\projects\zoom-sdk-windows-5.12.8.10282\x64\bin\DuiLib_Static.pdb'; linking object as if no debug info
DuiLib64.lib(UIManager.obj) : warning LNK4099: PDB 'DuiLib_Static.pdb' was not found with 'DuiLib64.lib(UIManager.obj)' or at 'C:\huyle\projects\zoom-sdk-windows-5.12.8.10282\x64\bin\DuiLib_Static.pdb'; linking object as if no debug info
DuiLib64.lib(UIMarkup.obj) : warning LNK4099: PDB 'DuiLib_Static.pdb' was not found with 'DuiLib64.lib(UIMarkup.obj)' or at 'C:\huyle\projects\zoom-sdk-windows-5.12.8.10282\x64\bin\DuiLib_Static.pdb'; linking object as if no debug info
DuiLib64.lib(UIRender.obj) : warning LNK4099: PDB 'DuiLib_Static.pdb' was not found with 'DuiLib64.lib(UIRender.obj)' or at 'C:\huyle\projects\zoom-sdk-windows-5.12.8.10282\x64\bin\DuiLib_Static.pdb'; linking object as if no debug info
DuiLib64.lib(UIChildLayout.obj) : warning LNK4099: PDB 'DuiLib_Static.pdb' was not found with 'DuiLib64.lib(UIChildLayout.obj)' or at 'C:\huyle\projects\zoom-sdk-windows-5.12.8.10282\x64\bin\DuiLib_Static.pdb'; linking object as if no debug info
DuiLib64.lib(UIHorizontalLayout.obj) : warning LNK4099: PDB 'DuiLib_Static.pdb' was not found with 'DuiLib64.lib(UIHorizontalLayout.obj)' or at 'C:\huyle\projects\zoom-sdk-windows-5.12.8.10282\x64\bin\DuiLib_Static.pdb'; linking object as if no debug info
DuiLib64.lib(UITabLayout.obj) : warning LNK4099: PDB 'DuiLib_Static.pdb' was not found with 'DuiLib64.lib(UITabLayout.obj)' or at 'C:\huyle\projects\zoom-sdk-windows-5.12.8.10282\x64\bin\DuiLib_Static.pdb'; linking object as if no debug info
DuiLib64.lib(UITileLayout.obj) : warning LNK4099: PDB 'DuiLib_Static.pdb' was not found with 'DuiLib64.lib(UITileLayout.obj)' or at 'C:\huyle\projects\zoom-sdk-windows-5.12.8.10282\x64\bin\DuiLib_Static.pdb'; linking object as if no debug info
DuiLib64.lib(UIVerticalLayout.obj) : warning LNK4099: PDB 'DuiLib_Static.pdb' was not found with 'DuiLib64.lib(UIVerticalLayout.obj)' or at 'C:\huyle\projects\zoom-sdk-windows-5.12.8.10282\x64\bin\DuiLib_Static.pdb'; linking object as if no debug info
DuiLib64.lib(UIActiveX.obj) : warning LNK4099: PDB 'DuiLib_Static.pdb' was not found with 'DuiLib64.lib(UIActiveX.obj)' or at 'C:\huyle\projects\zoom-sdk-windows-5.12.8.10282\x64\bin\DuiLib_Static.pdb'; linking object as if no debug info
DuiLib64.lib(UIButton.obj) : warning LNK4099: PDB 'DuiLib_Static.pdb' was not found with 'DuiLib64.lib(UIButton.obj)' or at 'C:\huyle\projects\zoom-sdk-windows-5.12.8.10282\x64\bin\DuiLib_Static.pdb'; linking object as if no debug info
DuiLib64.lib(UICheckBox.obj) : warning LNK4099: PDB 'DuiLib_Static.pdb' was not found with 'DuiLib64.lib(UICheckBox.obj)' or at 'C:\huyle\projects\zoom-sdk-windows-5.12.8.10282\x64\bin\DuiLib_Static.pdb'; linking object as if no debug info
DuiLib64.lib(UICombo.obj) : warning LNK4099: PDB 'DuiLib_Static.pdb' was not found with 'DuiLib64.lib(UICombo.obj)' or at 'C:\huyle\projects\zoom-sdk-windows-5.12.8.10282\x64\bin\DuiLib_Static.pdb'; linking object as if no debug info
DuiLib64.lib(UIDateTime.obj) : warning LNK4099: PDB 'DuiLib_Static.pdb' was not found with 'DuiLib64.lib(UIDateTime.obj)' or at 'C:\huyle\projects\zoom-sdk-windows-5.12.8.10282\x64\bin\DuiLib_Static.pdb'; linking object as if no debug info
DuiLib64.lib(UIEdit.obj) : warning LNK4099: PDB 'DuiLib_Static.pdb' was not found with 'DuiLib64.lib(UIEdit.obj)' or at 'C:\huyle\projects\zoom-sdk-windows-5.12.8.10282\x64\bin\DuiLib_Static.pdb'; linking object as if no debug info
DuiLib64.lib(UIGifAnim.obj) : warning LNK4099: PDB 'DuiLib_Static.pdb' was not found with 'DuiLib64.lib(UIGifAnim.obj)' or at 'C:\huyle\projects\zoom-sdk-windows-5.12.8.10282\x64\bin\DuiLib_Static.pdb'; linking object as if no debug info
DuiLib64.lib(UILabel.obj) : warning LNK4099: PDB 'DuiLib_Static.pdb' was not found with 'DuiLib64.lib(UILabel.obj)' or at 'C:\huyle\projects\zoom-sdk-windows-5.12.8.10282\x64\bin\DuiLib_Static.pdb'; linking object as if no debug info
DuiLib64.lib(UIList.obj) : warning LNK4099: PDB 'DuiLib_Static.pdb' was not found with 'DuiLib64.lib(UIList.obj)' or at 'C:\huyle\projects\zoom-sdk-windows-5.12.8.10282\x64\bin\DuiLib_Static.pdb'; linking object as if no debug info
DuiLib64.lib(UIOption.obj) : warning LNK4099: PDB 'DuiLib_Static.pdb' was not found with 'DuiLib64.lib(UIOption.obj)' or at 'C:\huyle\projects\zoom-sdk-windows-5.12.8.10282\x64\bin\DuiLib_Static.pdb'; linking object as if no debug info
DuiLib64.lib(UIProgress.obj) : warning LNK4099: PDB 'DuiLib_Static.pdb' was not found with 'DuiLib64.lib(UIProgress.obj)' or at 'C:\huyle\projects\zoom-sdk-windows-5.12.8.10282\x64\bin\DuiLib_Static.pdb'; linking object as if no debug info
DuiLib64.lib(UIRichEdit.obj) : warning LNK4099: PDB 'DuiLib_Static.pdb' was not found with 'DuiLib64.lib(UIRichEdit.obj)' or at 'C:\huyle\projects\zoom-sdk-windows-5.12.8.10282\x64\bin\DuiLib_Static.pdb'; linking object as if no debug info
DuiLib64.lib(UIScrollBar.obj) : warning LNK4099: PDB 'DuiLib_Static.pdb' was not found with 'DuiLib64.lib(UIScrollBar.obj)' or at 'C:\huyle\projects\zoom-sdk-windows-5.12.8.10282\x64\bin\DuiLib_Static.pdb'; linking object as if no debug info
DuiLib64.lib(UISlider.obj) : warning LNK4099: PDB 'DuiLib_Static.pdb' was not found with 'DuiLib64.lib(UISlider.obj)' or at 'C:\huyle\projects\zoom-sdk-windows-5.12.8.10282\x64\bin\DuiLib_Static.pdb'; linking object as if no debug info
DuiLib64.lib(UIText.obj) : warning LNK4099: PDB 'DuiLib_Static.pdb' was not found with 'DuiLib64.lib(UIText.obj)' or at 'C:\huyle\projects\zoom-sdk-windows-5.12.8.10282\x64\bin\DuiLib_Static.pdb'; linking object as if no debug info
DuiLib64.lib(UITreeView.obj) : warning LNK4099: PDB 'DuiLib_Static.pdb' was not found with 'DuiLib64.lib(UITreeView.obj)' or at 'C:\huyle\projects\zoom-sdk-windows-5.12.8.10282\x64\bin\DuiLib_Static.pdb'; linking object as if no debug info
DuiLib64.lib(UIWebBrowser.obj) : warning LNK4099: PDB 'DuiLib_Static.pdb' was not found with 'DuiLib64.lib(UIWebBrowser.obj)' or at 'C:\huyle\projects\zoom-sdk-windows-5.12.8.10282\x64\bin\DuiLib_Static.pdb'; linking object as if no debug info
  sdk_demo_v2.vcxproj -> C:\huyle\projects\zoom-sdk-windows-5.12.8.10282\x64\bin\sdk_demo_v2.exe
